Determining if the pthread_create exist failed with the following output:
Change Dir: /home/mddarr/projects/data_structures/CMakeFiles/CMakeTmp

Run Build Command:"/usr/bin/gmake" "cmTC_4a545/fast"
/usr/bin/gmake -f CMakeFiles/cmTC_4a545.dir/build.make CMakeFiles/cmTC_4a545.dir/build
gmake[1]: Entering directory '/home/mddarr/projects/data_structures/CMakeFiles/CMakeTmp'
Building C object CMakeFiles/cmTC_4a545.dir/CheckSymbolExists.c.o
/usr/bin/cc    -o CMakeFiles/cmTC_4a545.dir/CheckSymbolExists.c.o   -c /home/mddarr/projects/data_structures/CMakeFiles/CMakeTmp/CheckSymbolExists.c
Linking C executable cmTC_4a545
/usr/bin/cmake -E cmake_link_script CMakeFiles/cmTC_4a545.dir/link.txt --verbose=1
/usr/bin/cc      -rdynamic CMakeFiles/cmTC_4a545.dir/CheckSymbolExists.c.o  -o cmTC_4a545 
CMakeFiles/cmTC_4a545.dir/CheckSymbolExists.c.o: In function `main':
CheckSymbolExists.c:(.text+0x16): undefined reference to `pthread_create'
collect2: error: ld returned 1 exit status
CMakeFiles/cmTC_4a545.dir/build.make:86: recipe for target 'cmTC_4a545' failed
gmake[1]: *** [cmTC_4a545] Error 1
gmake[1]: Leaving directory '/home/mddarr/projects/data_structures/CMakeFiles/CMakeTmp'
Makefile:126: recipe for target 'cmTC_4a545/fast' failed
gmake: *** [cmTC_4a545/fast] Error 2

File /home/mddarr/projects/data_structures/CMakeFiles/CMakeTmp/CheckSymbolExists.c:
/* */
#include <pthread.h>

int main(int argc, char** argv)
{
  (void)argv;
#ifndef pthread_create
  return ((int*)(&pthread_create))[argc];
#else
  (void)argc;
  return 0;
#endif
}

Determining if the function pthread_create exists in the pthreads failed with the following output:
Change Dir: /home/mddarr/projects/data_structures/CMakeFiles/CMakeTmp

Run Build Command:"/usr/bin/gmake" "cmTC_b47e3/fast"
/usr/bin/gmake -f CMakeFiles/cmTC_b47e3.dir/build.make CMakeFiles/cmTC_b47e3.dir/build
gmake[1]: Entering directory '/home/mddarr/projects/data_structures/CMakeFiles/CMakeTmp'
Building C object CMakeFiles/cmTC_b47e3.dir/CheckFunctionExists.c.o
/usr/bin/cc   -DCHECK_FUNCTION_EXISTS=pthread_create   -o CMakeFiles/cmTC_b47e3.dir/CheckFunctionExists.c.o   -c /usr/share/cmake-3.11/Modules/CheckFunctionExists.c
Linking C executable cmTC_b47e3
/usr/bin/cmake -E cmake_link_script CMakeFiles/cmTC_b47e3.dir/link.txt --verbose=1
/usr/bin/cc  -DCHECK_FUNCTION_EXISTS=pthread_create    -rdynamic CMakeFiles/cmTC_b47e3.dir/CheckFunctionExists.c.o  -o cmTC_b47e3 -lpthreads 
/usr/bin/ld: cannot find -lpthreads
collect2: error: ld returned 1 exit status
CMakeFiles/cmTC_b47e3.dir/build.make:86: recipe for target 'cmTC_b47e3' failed
gmake[1]: *** [cmTC_b47e3] Error 1
gmake[1]: Leaving directory '/home/mddarr/projects/data_structures/CMakeFiles/CMakeTmp'
Makefile:126: recipe for target 'cmTC_b47e3/fast' failed
gmake: *** [cmTC_b47e3/fast] Error 2


